#
# A fatal error has been detected by the Java Runtime Environment:
#
#  Internal Error (javaCalls.cpp:62), pid=6291, tid=139726977447680
#  guarantee(thread->is_Java_thread()) failed: crucial check - the VM thread cannot and must not escape to Java code
#
# JRE version: Java(TM) SE Runtime Environment (7.0_40-b43) (build 1.7.0_40-b43)
# Java VM: Java HotSpot(TM) 64-Bit Server VM (24.0-b56 mixed mode linux-amd64 compressed oops)
# Failed to write core dump. Core dumps have been disabled. To enable core dumping, try "ulimit -c unlimited" before starting Java again
#
# If you would like to submit a bug report, please visit:
#   http://bugreport.sun.com/bugreport/crash.jsp
#

---------------  T H R E A D  ---------------

Current thread (0x00007f14c406d000):  VMThread [stack: 0x00007f14b8cb3000,0x00007f14b8db4000] [id=6303]

Stack: [0x00007f14b8cb3000,0x00007f14b8db4000],  sp=0x00007f14b8db1450,  free space=1017k
Native frames: (J=compiled Java code, j=interpreted, Vv=VM code, C=native code)
V  [libjvm.so+0x99242a]  VMError::report_and_die()+0x2ea
V  [libjvm.so+0x4931d2]  report_vm_error(char const*, int, char const*, char const*)+0x62
V  [libjvm.so+0x5f75ff]  JavaCallWrapper::JavaCallWrapper(methodHandle, Handle, JavaValue*, Thread*)+0x24f
V  [libjvm.so+0x5f81ea]  JavaCalls::call_helper(JavaValue*, methodHandle*, JavaCallArguments*, Thread*)+0x14a
V  [libjvm.so+0x5f6e68]  JavaCalls::call(JavaValue*, methodHandle, JavaCallArguments*, Thread*)+0x28
V  [libjvm.so+0x5f6f9a]  JavaCalls::call_special(JavaValue*, KlassHandle, Symbol*, Symbol*, JavaCallArguments*, Thread*)+0x8a
V  [libjvm.so+0x50bdb4]  Exceptions::new_exception(Thread*, Symbol*, Symbol*, JavaCallArguments*, Handle, Handle)+0x204
V  [libjvm.so+0x50be81]  Exceptions::new_exception(Thread*, Symbol*, Symbol*, JavaCallArguments*, Handle, Handle, Handle)+0x31
V  [libjvm.so+0x50c4b1]  Exceptions::new_exception(Thread*, Symbol*, char const*, Handle, Handle, Handle, Exceptions::ExceptionMsgToUtf8Mode)+0x1d1
V  [libjvm.so+0x50c548]  Exceptions::new_exception(Thread*, Symbol*, char const*, Exceptions::ExceptionMsgToUtf8Mode)+0x18
V  [libjvm.so+0x5676ed]  GenerateOopMap::verify_error(char const*, ...)+0xad
V  [libjvm.so+0x56cea0]  GenerateOopMap::interp_bb(BasicBlock*)+0x2b0
V  [libjvm.so+0x56dc3a]  GenerateOopMap::do_interpretation()+0x1aa
V  [libjvm.so+0x56dfba]  GenerateOopMap::compute_map(Thread*)+0x2aa
V  [libjvm.so+0x80863a]  OopMapForCacheEntry::compute_map(Thread*)+0xca
V  [libjvm.so+0x8096f0]  OopMapCacheEntry::fill(methodHandle, int)+0x110
V  [libjvm.so+0x809e1f]  OopMapCache::lookup(methodHandle, int, InterpreterOopMap*)+0x2bf
V  [libjvm.so+0x987476]  interpretedVFrame::locals() const+0x106
V  [libjvm.so+0x6f5166]  VM_GetOrSetLocal::doit()+0xe6
V  [libjvm.so+0x99b0f5]  VM_Operation::evaluate()+0x55
V  [libjvm.so+0x99952a]  VMThread::evaluate_operation(VM_Operation*)+0xba
V  [libjvm.so+0x9998ae]  VMThread::loop()+0x1ce
V  [libjvm.so+0x999d20]  VMThread::run()+0x70
V  [libjvm.so+0x814a58]  java_start(Thread*)+0x108

VM_Operation (0x00007f14b88ab830): GetOrSetLocal, mode: safepoint, requested by thread 0x00007f14c409f000


---------------  P R O C E S S  ---------------

Java Threads: ( => current thread )
  0x00007f14c40aa800 JavaThread "Service Thread" daemon [_thread_blocked, id=6318, stack(0x00007f14b82a7000,0x00007f14b83a8000)]
  0x00007f14c40a8000 JavaThread "C2 CompilerThread1" daemon [_thread_blocked, id=6317, stack(0x00007f14b83a8000,0x00007f14b84a9000)]
  0x00007f14c40a5000 JavaThread "C2 CompilerThread0" daemon [_thread_blocked, id=6316, stack(0x00007f14b84a9000,0x00007f14b85aa000)]
  0x00007f1498001000 JavaThread "JDWP Command Reader" daemon [_thread_in_native, id=6312, stack(0x00007f14b85aa000,0x00007f14b86ab000)]
  0x00007f14c40a3000 JavaThread "JDWP Event Helper Thread" daemon [_thread_blocked, id=6311, stack(0x00007f14b86ab000,0x00007f14b87ac000)]
  0x00007f14c409f000 JavaThread "JDWP Transport Listener: dt_socket" daemon [_thread_blocked, id=6308, stack(0x00007f14b87ac000,0x00007f14b88ad000)]
  0x00007f14c4089800 JavaThread "Signal Dispatcher" daemon [_thread_blocked, id=6306, stack(0x00007f14b8ab1000,0x00007f14b8bb2000)]
  0x00007f14c4073800 JavaThread "Finalizer" daemon [_thread_blocked, id=6305, stack(0x00007f14c005e000,0x00007f14c015f000)]
  0x00007f14c406f800 JavaThread "Reference Handler" daemon [_thread_blocked, id=6304, stack(0x00007f14b8bb2000,0x00007f14b8cb3000)]
  0x00007f14c400d800 JavaThread "main" [_thread_blocked, id=6297, stack(0x00007f14cb12e000,0x00007f14cb22f000)]

Other Threads:
=>0x00007f14c406d000 VMThread [stack: 0x00007f14b8cb3000,0x00007f14b8db4000] [id=6303]
  0x00007f14c40b5000 WatcherThread [stack: 0x00007f14b81a6000,0x00007f14b82a7000] [id=6319]

VM state:at safepoint (normal execution)

VM Mutex/Monitor currently owned by a thread:  ([mutex/lock_event])
[0x00007f14c4009c60] Threads_lock - owner thread: 0x00007f14c406d000

Heap
 PSYoungGen      total 17920K, used 11275K [0x00000000ec000000, 0x00000000ed400000, 0x0000000100000000)
  eden space 15360K, 73% used [0x00000000ec000000,0x00000000ecb02fa8,0x00000000ecf00000)
  from space 2560K, 0% used [0x00000000ed180000,0x00000000ed180000,0x00000000ed400000)
  to   space 2560K, 0% used [0x00000000ecf00000,0x00000000ecf00000,0x00000000ed180000)
 ParOldGen       total 40960K, used 0K [0x00000000c4000000, 0x00000000c6800000, 0x00000000ec000000)
  object space 40960K, 0% used [0x00000000c4000000,0x00000000c4000000,0x00000000c6800000)
 PSPermGen       total 21504K, used 5943K [0x00000000bee00000, 0x00000000c0300000, 0x00000000c4000000)
  object space 21504K, 27% used [0x00000000bee00000,0x00000000bf3cdc10,0x00000000c0300000)

Card table byte_map: [0x00007f14c09ce000,0x00007f14c0bd8000] byte_map_base: 0x00007f14c03d7000

Polling page: 0x00007f14cb24a000

Code Cache  [0x00007f14c0bd8000, 0x00007f14c0e48000, 0x00007f14c3bd8000)
 total_blobs=256 nmethods=20 adapters=198 free_code_cache=48706Kb largest_free_block=49857920

Compilation events (10 events):
Event: 0,313 Thread 0x00007f14c40a8000   16             java.lang.Math::min (11 bytes)
Event: 0,314 Thread 0x00007f14c40a8000 nmethod 16 0x00007f14c0c3ca50 code [0x00007f14c0c3cb80, 0x00007f14c0c3cbb8]
Event: 0,328 Thread 0x00007f14c40a5000   17             java.lang.String::equals (81 bytes)
Event: 0,332 Thread 0x00007f14c40a5000 nmethod 17 0x00007f14c0c3c250 code [0x00007f14c0c3c3a0, 0x00007f14c0c3c698]
Event: 0,336 Thread 0x00007f14c40a8000   18             java.lang.String::length (6 bytes)
Event: 0,337 Thread 0x00007f14c40a8000 nmethod 18 0x00007f14c0c3bfd0 code [0x00007f14c0c3c120, 0x00007f14c0c3c1b8]
Event: 0,445 Thread 0x00007f14c40a5000   19             java.lang.String::lastIndexOf (151 bytes)
Event: 0,453 Thread 0x00007f14c40a5000 nmethod 19 0x00007f14c0c496d0 code [0x00007f14c0c49840, 0x00007f14c0c49e58]
Event: 0,475 Thread 0x00007f14c40a8000   20             java.lang.String::compareTo (78 bytes)
Event: 0,477 Thread 0x00007f14c40a8000 nmethod 20 0x00007f14c0c476d0 code [0x00007f14c0c47820, 0x00007f14c0c479f8]

GC Heap History (0 events):
No events

Deoptimization events (1 events):
Event: 0,449 Thread 0x00007f14c400d800 Uncommon trap: reason=null_check action=make_not_entrant pc=0x00007f14c0c3c678 method=java.lang.String.equals(Ljava/lang/Object;)Z @ 8

Internal exceptions (10 events):
Event: 0,447 Thread 0x00007f14c400d800 Threw 0x00000000eca603e0 at /HUDSON/workspace/jdk7u40-2-build-linux-amd64-product/jdk7u40/hotspot/src/share/vm/prims/jvm.cpp:1244
Event: 0,448 Thread 0x00007f14c400d800 Threw 0x00000000eca67db0 at /HUDSON/workspace/jdk7u40-2-build-linux-amd64-product/jdk7u40/hotspot/src/share/vm/prims/jvm.cpp:1244
Event: 0,448 Thread 0x00007f14c400d800 Threw 0x00000000eca6f840 at /HUDSON/workspace/jdk7u40-2-build-linux-amd64-product/jdk7u40/hotspot/src/share/vm/prims/jvm.cpp:1244
Event: 0,449 Thread 0x00007f14c400d800 Implicit null exception at 0x00007f14c0c3c3cb to 0x00007f14c0c3c669
Event: 0,450 Thread 0x00007f14c400d800 Threw 0x00000000eca7a0e0 at /HUDSON/workspace/jdk7u40-2-build-linux-amd64-product/jdk7u40/hotspot/src/share/vm/prims/jvm.cpp:1244
Event: 0,451 Thread 0x00007f14c400d800 Threw 0x00000000eca81ba0 at /HUDSON/workspace/jdk7u40-2-build-linux-amd64-product/jdk7u40/hotspot/src/share/vm/prims/jvm.cpp:1244
Event: 0,889 Thread 0x00007f14c400d800 Threw 0x00000000ecac9e70 at /HUDSON/workspace/jdk7u40-2-build-linux-amd64-product/jdk7u40/hotspot/src/share/vm/prims/jvm.cpp:1244
Event: 1,673 Thread 0x00007f14c400d800 Threw 0x00000000ecacc888 at /HUDSON/workspace/jdk7u40-2-build-linux-amd64-product/jdk7u40/hotspot/src/share/vm/prims/jvm.cpp:1244
Event: 1,675 Thread 0x00007f14c400d800 Threw 0x00000000ecad0758 at /HUDSON/workspace/jdk7u40-2-build-linux-amd64-product/jdk7u40/hotspot/src/share/vm/prims/jvm.cpp:1244
Event: 2,564 Thread 0x00007f14c400d800 Threw 0x00000000ecad32b0 at /HUDSON/workspace/jdk7u40-2-build-linux-amd64-product/jdk7u40/hotspot/src/share/vm/prims/jvm.cpp:1244

Events (10 events):
Event: 48,842 Executing VM operation: GetCurrentLocation done
Event: 48,842 Executing VM operation: ChangeSingleStep
Event: 48,842 Executing VM operation: ChangeSingleStep done
Event: 48,842 Executing VM operation: ChangeSingleStep
Event: 48,842 Executing VM operation: ChangeSingleStep done
Event: 48,890 Executing VM operation: GetOrSetLocal
Event: 48,890 Executing VM operation: GetOrSetLocal done
Event: 48,908 Executing VM operation: GetOrSetLocal
Event: 48,908 Executing VM operation: GetOrSetLocal done
Event: 50,216 Executing VM operation: GetOrSetLocal


Dynamic libraries:
00400000-00401000 r-xp 00000000 08:02 787623                             /usr/lib/jvm/jdk1.7.0_40/bin/java
00600000-00601000 rw-p 00000000 08:02 787623                             /usr/lib/jvm/jdk1.7.0_40/bin/java
01515000-01536000 rw-p 00000000 00:00 0                                  [heap]
bee00000-c0300000 rw-p 00000000 00:00 0 
c0300000-c4000000 rw-p 00000000 00:00 0 
c4000000-c6800000 rw-p 00000000 00:00 0 
c6800000-ec000000 rw-p 00000000 00:00 0 
ec000000-ed400000 rw-p 00000000 00:00 0 
ed400000-100000000 rw-p 00000000 00:00 0 
7f147c000000-7f147c021000 rw-p 00000000 00:00 0 
7f147c021000-7f1480000000 ---p 00000000 00:00 0 
7f1480000000-7f1480021000 rw-p 00000000 00:00 0 
7f1480021000-7f1484000000 ---p 00000000 00:00 0 
7f1484000000-7f1484183000 rw-p 00000000 00:00 0 
7f1484183000-7f1488000000 ---p 00000000 00:00 0 
7f1488000000-7f148815b000 rw-p 00000000 00:00 0 
7f148815b000-7f148c000000 ---p 00000000 00:00 0 
7f148c000000-7f148c021000 rw-p 00000000 00:00 0 
7f148c021000-7f1490000000 ---p 00000000 00:00 0 
7f1490000000-7f1490021000 rw-p 00000000 00:00 0 
7f1490021000-7f1494000000 ---p 00000000 00:00 0 
7f1494000000-7f1494021000 rw-p 00000000 00:00 0 
7f1494021000-7f1498000000 ---p 00000000 00:00 0 
7f1498000000-7f1498047000 rw-p 00000000 00:00 0 
7f1498047000-7f149c000000 ---p 00000000 00:00 0 
7f149c000000-7f149c021000 rw-p 00000000 00:00 0 
7f149c021000-7f14a0000000 ---p 00000000 00:00 0 
7f14a0000000-7f14a0021000 rw-p 00000000 00:00 0 
7f14a0021000-7f14a4000000 ---p 00000000 00:00 0 
7f14a4000000-7f14a4021000 rw-p 00000000 00:00 0 
7f14a4021000-7f14a8000000 ---p 00000000 00:00 0 
7f14a8000000-7f14a8021000 rw-p 00000000 00:00 0 
7f14a8021000-7f14ac000000 ---p 00000000 00:00 0 
7f14ac000000-7f14ac021000 rw-p 00000000 00:00 0 
7f14ac021000-7f14b0000000 ---p 00000000 00:00 0 
7f14b3a6e000-7f14b3bd9000 rw-p 00000000 00:00 0 
7f14b3bd9000-7f14b3be9000 r-xp 00000000 08:02 788325                     /usr/lib/jvm/jdk1.7.0_40/jre/lib/amd64/libnio.so
7f14b3be9000-7f14b3de9000 ---p 00010000 08:02 788325                     /usr/lib/jvm/jdk1.7.0_40/jre/lib/amd64/libnio.so
7f14b3de9000-7f14b3dea000 rw-p 00010000 08:02 788325                     /usr/lib/jvm/jdk1.7.0_40/jre/lib/amd64/libnio.so
7f14b3dea000-7f14b3dff000 r-xp 00000000 08:02 788285                     /usr/lib/jvm/jdk1.7.0_40/jre/lib/amd64/libnet.so
7f14b3dff000-7f14b3fff000 ---p 00015000 08:02 788285                     /usr/lib/jvm/jdk1.7.0_40/jre/lib/amd64/libnet.so
7f14b3fff000-7f14b4000000 rw-p 00015000 08:02 788285                     /usr/lib/jvm/jdk1.7.0_40/jre/lib/amd64/libnet.so
7f14b4000000-7f14b4021000 rw-p 00000000 00:00 0 
7f14b4021000-7f14b8000000 ---p 00000000 00:00 0 
7f14b800f000-7f14b811a000 rw-p 00000000 00:00 0 
7f14b811a000-7f14b8129000 r--s 000d1000 08:02 1707271                    /home/spheras/.m2/repository/net/jthink/jaudiotagger/2.0.4-SNAPSHOT/jaudiotagger-2.0.4-SNAPSHOT.jar
7f14b8129000-7f14b812d000 r--s 0002c000 08:02 1578592                    /home/spheras/.m2/repository/org/springframework/spring-expression/3.2.2.RELEASE/spring-expression-3.2.2.RELEASE.jar
7f14b812d000-7f14b8139000 r--s 00089000 08:02 1578589                    /home/spheras/.m2/repository/org/springframework/spring-beans/3.2.2.RELEASE/spring-beans-3.2.2.RELEASE.jar
7f14b8139000-7f14b813b000 r--s 00000000 08:02 1578594                    /home/spheras/.m2/repository/aopalliance/aopalliance/1.0/aopalliance-1.0.jar
7f14b813b000-7f14b814d000 r--s 000c2000 08:02 1578590                    /home/spheras/.m2/repository/org/springframework/spring-core/3.2.2.RELEASE/spring-core-3.2.2.RELEASE.jar
7f14b814d000-7f14b8158000 r--s 00049000 08:02 1580244                    /home/spheras/.m2/repository/org/springframework/security/spring-security-core/3.1.4.RELEASE/spring-security-core-3.1.4.RELEASE.jar
7f14b8158000-7f14b815c000 r--s 0002a000 08:02 1582975                    /home/spheras/.m2/repository/commons-io/commons-io/2.4/commons-io-2.4.jar
7f14b815c000-7f14b8160000 r--s 0001c000 08:02 1578600                    /home/spheras/.m2/repository/org/springframework/spring-context-support/3.2.2.RELEASE/spring-context-support-3.2.2.RELEASE.jar
7f14b8160000-7f14b8178000 r--s 001a7000 08:02 1578599                    /home/spheras/.m2/repository/org/aspectj/aspectjweaver/1.7.2/aspectjweaver-1.7.2.jar
7f14b8178000-7f14b8180000 r--s 0004a000 08:02 1578597                    /home/spheras/.m2/repository/org/springframework/spring-aop/3.2.2.RELEASE/spring-aop-3.2.2.RELEASE.jar
7f14b8180000-7f14b8188000 r--s 00034000 08:02 1578596                    /home/spheras/.m2/repository/org/springframework/spring-tx/3.2.2.RELEASE/spring-tx-3.2.2.RELEASE.jar
7f14b8188000-7f14b8191000 r--s 0005a000 08:02 1578595                    /home/spheras/.m2/repository/org/springframework/spring-jdbc/3.2.2.RELEASE/spring-jdbc-3.2.2.RELEASE.jar
7f14b8191000-7f14b81a6000 r--s 000be000 08:02 1578588                    /home/spheras/.m2/repository/org/springframework/spring-context/3.2.2.RELEASE/spring-context-3.2.2.RELEASE.jar
7f14b81a6000-7f14b81a7000 ---p 00000000 00:00 0 
7f14b81a7000-7f14b82a7000 rw-p 00000000 00:00 0 
7f14b82a7000-7f14b82aa000 ---p 00000000 00:00 0 
7f14b82aa000-7f14b83a8000 rw-p 00000000 00:00 0 
7f14b83a8000-7f14b83ab000 ---p 00000000 00:00 0 
7f14b83ab000-7f14b84a9000 rw-p 00000000 00:00 0 
7f14b84a9000-7f14b84ac000 ---p 00000000 00:00 0 
7f14b84ac000-7f14b85aa000 rw-p 00000000 00:00 0 
7f14b85aa000-7f14b85ad000 ---p 00000000 00:00 0 
7f14b85ad000-7f14b86ab000 rw-p 00000000 00:00 0 
7f14b86ab000-7f14b86ae000 ---p 00000000 00:00 0 
7f14b86ae000-7f14b87ac000 rw-p 00000000 00:00 0 
7f14b87ac000-7f14b87af000 ---p 00000000 00:00 0 
7f14b87af000-7f14b88ad000 rw-p 00000000 00:00 0 
7f14b88ad000-7f14b88b1000 r-xp 00000000 08:02 788332                     /usr/lib/jvm/jdk1.7.0_40/jre/lib/amd64/libdt_socket.so
7f14b88b1000-7f14b8ab0000 ---p 00004000 08:02 788332                     /usr/lib/jvm/jdk1.7.0_40/jre/lib/amd64/libdt_socket.so
7f14b8ab0000-7f14b8ab1000 rw-p 00003000 08:02 788332                     /usr/lib/jvm/jdk1.7.0_40/jre/lib/amd64/libdt_socket.so
7f14b8ab1000-7f14b8ab4000 ---p 00000000 00:00 0 
7f14b8ab4000-7f14b8bb2000 rw-p 00000000 00:00 0 
7f14b8bb2000-7f14b8bb5000 ---p 00000000 00:00 0 
7f14b8bb5000-7f14b8cb3000 rw-p 00000000 00:00 0 
7f14b8cb3000-7f14b8cb4000 ---p 00000000 00:00 0 
7f14b8cb4000-7f14b9db3000 rw-p 00000000 00:00 0 
7f14b9db3000-7f14b9f70000 r--s 039d3000 08:02 788454                     /usr/lib/jvm/jdk1.7.0_40/jre/lib/rt.jar
7f14b9f70000-7f14bc000000 rw-p 00000000 00:00 0 
7f14bc000000-7f14bc021000 rw-p 00000000 00:00 0 
7f14bc021000-7f14c0000000 ---p 00000000 00:00 0 
7f14c0000000-7f14c0002000 r--s 0000b000 08:02 1578598                    /home/spheras/.m2/repository/org/springframework/spring-aspects/3.2.2.RELEASE/spring-aspects-3.2.2.RELEASE.jar
7f14c0002000-7f14c000b000 r--s 00056000 08:02 1578593                    /home/spheras/.m2/repository/org/springframework/spring-orm/3.2.2.RELEASE/spring-orm-3.2.2.RELEASE.jar
7f14c000b000-7f14c000e000 r--s 00015000 08:02 1578587                    /home/spheras/.m2/repository/commons-pool/commons-pool/1.5.4/commons-pool-1.5.4.jar
7f14c000e000-7f14c005e000 r--s 00417000 08:02 1578575                    /home/spheras/.m2/repository/org/hibernate/hibernate-core/4.2.1.Final/hibernate-core-4.2.1.Final.jar
7f14c005e000-7f14c0061000 ---p 00000000 00:00 0 
7f14c0061000-7f14c0461000 rw-p 00000000 00:00 0 
7f14c0461000-7f14c0462000 ---p 00000000 00:00 0 
7f14c0462000-7f14c0562000 rw-p 00000000 00:00 0 
7f14c0562000-7f14c0563000 ---p 00000000 00:00 0 
7f14c0563000-7f14c0663000 rw-p 00000000 00:00 0 
7f14c0663000-7f14c0664000 ---p 00000000 00:00 0 
7f14c0664000-7f14c0764000 rw-p 00000000 00:00 0 
7f14c0764000-7f14c0765000 ---p 00000000 00:00 0 
7f14c0765000-7f14c0870000 rw-p 00000000 00:00 0 
7f14c0870000-7f14c088e000 rw-p 00000000 00:00 0 
7f14c088e000-7f14c08a2000 rw-p 00000000 00:00 0 
7f14c08a2000-7f14c09ce000 rw-p 00000000 00:00 0 
7f14c09ce000-7f14c09d9000 rw-p 00000000 00:00 0 
7f14c09d9000-7f14c09f7000 rw-p 00000000 00:00 0 
7f14c09f7000-7f14c0a0b000 rw-p 00000000 00:00 0 
7f14c0a0b000-7f14c0b37000 rw-p 00000000 00:00 0 
7f14c0b37000-7f14c0b41000 rw-p 00000000 00:00 0 
7f14c0b41000-7f14c0bd7000 rw-p 00000000 00:00 0 
7f14c0bd7000-7f14c0bd8000 rw-p 00000000 00:00 0 
7f14c0bd8000-7f14c0e48000 rwxp 00000000 00:00 0 
7f14c0e48000-7f14c3bd8000 rw-p 00000000 00:00 0 
7f14c3bd8000-7f14c3bf2000 r-xp 00000000 08:02 788339                     /usr/lib/jvm/jdk1.7.0_40/jre/lib/amd64/libzip.so
7f14c3bf2000-7f14c3df2000 ---p 0001a000 08:02 788339                     /usr/lib/jvm/jdk1.7.0_40/jre/lib/amd64/libzip.so
7f14c3df2000-7f14c3df3000 rw-p 0001a000 08:02 788339                     /usr/lib/jvm/jdk1.7.0_40/jre/lib/amd64/libzip.so
7f14c3df3000-7f14c3dff000 r-xp 00000000 08:02 2896077                    /lib/x86_64-linux-gnu/libnss_files-2.15.so
7f14c3dff000-7f14c3ffe000 ---p 0000c000 08:02 2896077                    /lib/x86_64-linux-gnu/libnss_files-2.15.so
7f14c3ffe000-7f14c3fff000 r--p 0000b000 08:02 2896077                    /lib/x86_64-linux-gnu/libnss_files-2.15.so
7f14c3fff000-7f14c4000000 rw-p 0000c000 08:02 2896077                    /lib/x86_64-linux-gnu/libnss_files-2.15.so
7f14c4000000-7f14c42a5000 rw-p 00000000 00:00 0 
7f14c42a5000-7f14c8000000 ---p 00000000 00:00 0 
7f14c8000000-7f14c8001000 rw-p 00000000 00:00 0 
7f14c8001000-7f14c8004000 r--s 00025000 08:02 1578585                    /home/spheras/.m2/repository/commons-dbcp/commons-dbcp/1.4/commons-dbcp-1.4.jar
7f14c8004000-7f14c8010000 r--s 0016b000 08:02 1578584                    /home/spheras/.m2/repository/com/h2database/h2/1.3.171/h2-1.3.171.jar
7f14c8010000-7f14c801a000 r--s 0006d000 08:02 1578583                    /home/spheras/.m2/repository/org/hibernate/hibernate-entitymanager/4.2.1.Final/hibernate-entitymanager-4.2.1.Final.jar
7f14c801a000-7f14c801d000 r--s 00011000 08:02 1578582                    /home/spheras/.m2/repository/org/hibernate/common/hibernate-commons-annotations/4.0.1.Final/hibernate-commons-annotations-4.0.1.Final.jar
7f14c801d000-7f14c8026000 r--s 00096000 08:02 1578581                    /home/spheras/.m2/repository/org/javassist/javassist/3.15.0-GA/javassist-3.15.0-GA.jar
7f14c8026000-7f14c8030000 r-xp 00000000 08:02 2896083                    /lib/x86_64-linux-gnu/libnss_nis-2.15.so
7f14c8030000-7f14c8230000 ---p 0000a000 08:02 2896083                    /lib/x86_64-linux-gnu/libnss_nis-2.15.so
7f14c8230000-7f14c8231000 r--p 0000a000 08:02 2896083                    /lib/x86_64-linux-gnu/libnss_nis-2.15.so
7f14c8231000-7f14c8232000 rw-p 0000b000 08:02 2896083                    /lib/x86_64-linux-gnu/libnss_nis-2.15.so
7f14c8232000-7f14c8249000 r-xp 00000000 08:02 2896112                    /lib/x86_64-linux-gnu/libnsl-2.15.so
7f14c8249000-7f14c8448000 ---p 00017000 08:02 2896112                    /lib/x86_64-linux-gnu/libnsl-2.15.so
7f14c8448000-7f14c8449000 r--p 00016000 08:02 2896112                    /lib/x86_64-linux-gnu/libnsl-2.15.so
7f14c8449000-7f14c844a000 rw-p 00017000 08:02 2896112                    /lib/x86_64-linux-gnu/libnsl-2.15.so
7f14c844a000-7f14c844c000 rw-p 00000000 00:00 0 
7f14c844c000-7f14c8454000 r-xp 00000000 08:02 2896075                    /lib/x86_64-linux-gnu/libnss_compat-2.15.so
7f14c8454000-7f14c8653000 ---p 00008000 08:02 2896075                    /lib/x86_64-linux-gnu/libnss_compat-2.15.so
7f14c8653000-7f14c8654000 r--p 00007000 08:02 2896075                    /lib/x86_64-linux-gnu/libnss_compat-2.15.so
7f14c8654000-7f14c8655000 rw-p 00008000 08:02 2896075                    /lib/x86_64-linux-gnu/libnss_compat-2.15.so
7f14c8655000-7f14c8a52000 r--p 00000000 08:02 1970212                    /usr/lib/locale/locale-archive
7f14c8a52000-7f14c8a55000 r-xp 00000000 08:02 788307                     /usr/lib/jvm/jdk1.7.0_40/jre/lib/amd64/libnpt.so
7f14c8a55000-7f14c8c54000 ---p 00003000 08:02 788307                     /usr/lib/jvm/jdk1.7.0_40/jre/lib/amd64/libnpt.so
7f14c8c54000-7f14c8c55000 rw-p 00002000 08:02 788307                     /usr/lib/jvm/jdk1.7.0_40/jre/lib/amd64/libnpt.so
7f14c8c55000-7f14c8c8e000 r-xp 00000000 08:02 788293                     /usr/lib/jvm/jdk1.7.0_40/jre/lib/amd64/libjdwp.so
7f14c8c8e000-7f14c8e8e000 ---p 00039000 08:02 788293                     /usr/lib/jvm/jdk1.7.0_40/jre/lib/amd64/libjdwp.so
7f14c8e8e000-7f14c8e8f000 rw-p 00039000 08:02 788293                     /usr/lib/jvm/jdk1.7.0_40/jre/lib/amd64/libjdwp.so
7f14c8e8f000-7f14c8e90000 rw-p 00000000 00:00 0 
7f14c8e90000-7f14c8eb9000 r-xp 00000000 08:02 788322                     /usr/lib/jvm/jdk1.7.0_40/jre/lib/amd64/libjava.so
7f14c8eb9000-7f14c90b9000 ---p 00029000 08:02 788322                     /usr/lib/jvm/jdk1.7.0_40/jre/lib/amd64/libjava.so
7f14c90b9000-7f14c90bb000 rw-p 00029000 08:02 788322                     /usr/lib/jvm/jdk1.7.0_40/jre/lib/amd64/libjava.so
7f14c90bb000-7f14c90c8000 r-xp 00000000 08:02 788284                     /usr/lib/jvm/jdk1.7.0_40/jre/lib/amd64/libverify.so
7f14c90c8000-7f14c92c7000 ---p 0000d000 08:02 788284                     /usr/lib/jvm/jdk1.7.0_40/jre/lib/amd64/libverify.so
7f14c92c7000-7f14c92c9000 rw-p 0000c000 08:02 788284                     /usr/lib/jvm/jdk1.7.0_40/jre/lib/amd64/libverify.so
7f14c92c9000-7f14c92d0000 r-xp 00000000 08:02 2896081                    /lib/x86_64-linux-gnu/librt-2.15.so
7f14c92d0000-7f14c94cf000 ---p 00007000 08:02 2896081                    /lib/x86_64-linux-gnu/librt-2.15.so
7f14c94cf000-7f14c94d0000 r--p 00006000 08:02 2896081                    /lib/x86_64-linux-gnu/librt-2.15.so
7f14c94d0000-7f14c94d1000 rw-p 00007000 08:02 2896081                    /lib/x86_64-linux-gnu/librt-2.15.so
7f14c94d1000-7f14c95cc000 r-xp 00000000 08:02 2896094                    /lib/x86_64-linux-gnu/libm-2.15.so
7f14c95cc000-7f14c97cb000 ---p 000fb000 08:02 2896094                    /lib/x86_64-linux-gnu/libm-2.15.so
7f14c97cb000-7f14c97cc000 r--p 000fa000 08:02 2896094                    /lib/x86_64-linux-gnu/libm-2.15.so
7f14c97cc000-7f14c97cd000 rw-p 000fb000 08:02 2896094                    /lib/x86_64-linux-gnu/libm-2.15.so
7f14c97cd000-7f14ca32f000 r-xp 00000000 08:02 788298                     /usr/lib/jvm/jdk1.7.0_40/jre/lib/amd64/server/libjvm.so
7f14ca32f000-7f14ca52f000 ---p 00b62000 08:02 788298                     /usr/lib/jvm/jdk1.7.0_40/jre/lib/amd64/server/libjvm.so
7f14ca52f000-7f14ca5f2000 rw-p 00b62000 08:02 788298                     /usr/lib/jvm/jdk1.7.0_40/jre/lib/amd64/server/libjvm.so
7f14ca5f2000-7f14ca633000 rw-p 00000000 00:00 0 
7f14ca633000-7f14ca7e8000 r-xp 00000000 08:02 2896073                    /lib/x86_64-linux-gnu/libc-2.15.so
7f14ca7e8000-7f14ca9e8000 ---p 001b5000 08:02 2896073                    /lib/x86_64-linux-gnu/libc-2.15.so
7f14ca9e8000-7f14ca9ec000 r--p 001b5000 08:02 2896073                    /lib/x86_64-linux-gnu/libc-2.15.so
7f14ca9ec000-7f14ca9ee000 rw-p 001b9000 08:02 2896073                    /lib/x86_64-linux-gnu/libc-2.15.so
7f14ca9ee000-7f14ca9f3000 rw-p 00000000 00:00 0 
7f14ca9f3000-7f14ca9f5000 r-xp 00000000 08:02 2896104                    /lib/x86_64-linux-gnu/libdl-2.15.so
7f14ca9f5000-7f14cabf5000 ---p 00002000 08:02 2896104                    /lib/x86_64-linux-gnu/libdl-2.15.so
7f14cabf5000-7f14cabf6000 r--p 00002000 08:02 2896104                    /lib/x86_64-linux-gnu/libdl-2.15.so
7f14cabf6000-7f14cabf7000 rw-p 00003000 08:02 2896104                    /lib/x86_64-linux-gnu/libdl-2.15.so
7f14cabf7000-7f14cac0d000 r-xp 00000000 08:02 788313                     /usr/lib/jvm/jdk1.7.0_40/jre/lib/amd64/jli/libjli.so
7f14cac0d000-7f14cae0d000 ---p 00016000 08:02 788313                     /usr/lib/jvm/jdk1.7.0_40/jre/lib/amd64/jli/libjli.so
7f14cae0d000-7f14cae0e000 rw-p 00016000 08:02 788313                     /usr/lib/jvm/jdk1.7.0_40/jre/lib/amd64/jli/libjli.so
7f14cae0e000-7f14cae26000 r-xp 00000000 08:02 2896085                    /lib/x86_64-linux-gnu/libpthread-2.15.so
7f14cae26000-7f14cb025000 ---p 00018000 08:02 2896085                    /lib/x86_64-linux-gnu/libpthread-2.15.so
7f14cb025000-7f14cb026000 r--p 00017000 08:02 2896085                    /lib/x86_64-linux-gnu/libpthread-2.15.so
7f14cb026000-7f14cb027000 rw-p 00018000 08:02 2896085                    /lib/x86_64-linux-gnu/libpthread-2.15.so
7f14cb027000-7f14cb02b000 rw-p 00000000 00:00 0 
7f14cb02b000-7f14cb04d000 r-xp 00000000 08:02 2896098                    /lib/x86_64-linux-gnu/ld-2.15.so
7f14cb04d000-7f14cb052000 r--s 00015000 08:02 1578580                    /home/spheras/.m2/repository/org/hibernate/javax/persistence/hibernate-jpa-2.0-api/1.0.1.Final/hibernate-jpa-2.0-api-1.0.1.Final.jar
7f14cb052000-7f14cb054000 r--s 00005000 08:02 1578579                    /home/spheras/.m2/repository/org/jboss/spec/javax/transaction/jboss-transaction-api_1.1_spec/1.0.1.Final/jboss-transaction-api_1.1_spec-1.0.1.Final.jar
7f14cb054000-7f14cb059000 r--s 00048000 08:02 1578578                    /home/spheras/.m2/repository/dom4j/dom4j/1.6.1/dom4j-1.6.1.jar
7f14cb059000-7f14cb078000 rw-p 00000000 00:00 0 
7f14cb078000-7f14cb12e000 rw-p 00000000 00:00 0 
7f14cb12e000-7f14cb131000 ---p 00000000 00:00 0 
7f14cb131000-7f14cb233000 rw-p 00000000 00:00 0 
7f14cb233000-7f14cb235000 r--s 0000d000 08:02 1578577                    /home/spheras/.m2/repository/org/jboss/logging/jboss-logging/3.1.0.GA/jboss-logging-3.1.0.GA.jar
7f14cb235000-7f14cb23a000 r--s 00068000 08:02 1578576                    /home/spheras/.m2/repository/antlr/antlr/2.7.7/antlr-2.7.7.jar
7f14cb23a000-7f14cb241000 r--s 00000000 08:02 2109759                    /usr/lib/x86_64-linux-gnu/gconv/gconv-modules.cache
7f14cb241000-7f14cb249000 rw-s 00000000 08:02 5242943                    /tmp/hsperfdata_spheras/6291
7f14cb249000-7f14cb24a000 rw-p 00000000 00:00 0 
7f14cb24a000-7f14cb24b000 ---p 00000000 00:00 0 
7f14cb24b000-7f14cb24d000 rw-p 00000000 00:00 0 
7f14cb24d000-7f14cb24e000 r--p 00022000 08:02 2896098                    /lib/x86_64-linux-gnu/ld-2.15.so
7f14cb24e000-7f14cb250000 rw-p 00023000 08:02 2896098                    /lib/x86_64-linux-gnu/ld-2.15.so
7fffe3d97000-7fffe3db9000 rw-p 00000000 00:00 0                          [stack]
7fffe3dff000-7fffe3e00000 r-xp 00000000 00:00 0                          [vdso]
ffffffffff600000-ffffffffff601000 r-xp 00000000 00:00 0                  [vsyscall]

VM Arguments:
jvm_args: -agentlib:jdwp=transport=dt_socket,suspend=y,address=localhost:58535 -Dfile.encoding=UTF-8 
java_command: org.messic.server.format.TAGWizard
Launcher Type: SUN_STANDARD

Environment Variables:
JAVA_HOME=/usr/lib/jvm/jdk1.7.0_40
PATH=/usr/lib/lightdm/lightdm:/usr/local/sbin:/usr/local/bin:/usr/sbin:/usr/bin:/sbin:/bin:/usr/games
SHELL=/bin/bash
DISPLAY=:0

Signal Handlers:
SIGSEGV: [libjvm.so+0x992d50], sa_mask[0]=0x7ffbfeff, sa_flags=0x10000004
SIGBUS: [libjvm.so+0x992d50], sa_mask[0]=0x7ffbfeff, sa_flags=0x10000004
SIGFPE: [libjvm.so+0x80fb00], sa_mask[0]=0x7ffbfeff, sa_flags=0x10000004
SIGPIPE: [libjvm.so+0x80fb00], sa_mask[0]=0x7ffbfeff, sa_flags=0x10000004
SIGXFSZ: [libjvm.so+0x80fb00], sa_mask[0]=0x7ffbfeff, sa_flags=0x10000004
SIGILL: [libjvm.so+0x80fb00], sa_mask[0]=0x7ffbfeff, sa_flags=0x10000004
SIGUSR1: SIG_DFL, sa_mask[0]=0x00000000, sa_flags=0x00000000
SIGUSR2: [libjvm.so+0x810ff0], sa_mask[0]=0x00000004, sa_flags=0x10000004
SIGHUP: [libjvm.so+0x811f60], sa_mask[0]=0x7ffbfeff, sa_flags=0x10000004
SIGINT: [libjvm.so+0x811f60], sa_mask[0]=0x7ffbfeff, sa_flags=0x10000004
SIGTERM: [libjvm.so+0x811f60], sa_mask[0]=0x7ffbfeff, sa_flags=0x10000004
SIGQUIT: [libjvm.so+0x811f60], sa_mask[0]=0x7ffbfeff, sa_flags=0x10000004


---------------  S Y S T E M  ---------------

OS:wheezy/sid

uname:Linux 3.2.0-56-generic #86-Ubuntu SMP Wed Oct 23 09:20:45 UTC 2013 x86_64
libc:glibc 2.15 NPTL 2.15 
rlimit: STACK 8192k, CORE 0k, NPROC 30490, NOFILE 4096, AS infinity
load average:0,40 0,37 0,34

/proc/meminfo:
MemTotal:        3926284 kB
MemFree:          123084 kB
Buffers:           93012 kB
Cached:          2232016 kB
SwapCached:            0 kB
Active:          1936012 kB
Inactive:        1681632 kB
Active(anon):    1161192 kB
Inactive(anon):   260068 kB
Active(file):     774820 kB
Inactive(file):  1421564 kB
Unevictable:           0 kB
Mlocked:               0 kB
SwapTotal:       3905532 kB
SwapFree:        3905396 kB
Dirty:               144 kB
Writeback:             0 kB
AnonPages:       1292516 kB
Mapped:           158660 kB
Shmem:            128736 kB
Slab:              82508 kB
SReclaimable:      54556 kB
SUnreclaim:        27952 kB
KernelStack:        3792 kB
PageTables:        25612 kB
NFS_Unstable:          0 kB
Bounce:                0 kB
WritebackTmp:          0 kB
CommitLimit:     5868672 kB
Committed_AS:    3504476 kB
VmallocTotal:   34359738367 kB
VmallocUsed:      556896 kB
VmallocChunk:   34359170344 kB
HardwareCorrupted:     0 kB
AnonHugePages:         0 kB
HugePages_Total:       0
HugePages_Free:        0
HugePages_Rsvd:        0
HugePages_Surp:        0
Hugepagesize:       2048 kB
DirectMap4k:       43008 kB
DirectMap2M:     4050944 kB


CPU:total 4 (2 cores per cpu, 2 threads per core) family 6 model 58 stepping 9, cmov, cx8, fxsr, mmx, sse, sse2, sse3, ssse3, sse4.1, sse4.2, popcnt, avx, aes, erms, ht, tsc, tscinvbit, tscinv

/proc/cpuinfo:
processor	: 0
vendor_id	: GenuineIntel
cpu family	: 6
model		: 58
model name	: Intel(R) Core(TM) i5-3320M CPU @ 2.60GHz
stepping	: 9
microcode	: 0x15
cpu MHz		: 1200.000
cache size	: 3072 KB
physical id	: 0
siblings	: 4
core id		: 0
cpu cores	: 2
apicid		: 0
initial apicid	: 0
fpu		: yes
fpu_exception	: yes
cpuid level	: 13
wp		: yes
flags		: fpu vme de pse tsc msr pae mce cx8 apic sep mtrr pge mca cmov pat pse36 clflush dts acpi mmx fxsr sse sse2 ss ht tm pbe syscall nx rdtscp lm constant_tsc arch_perfmon pebs bts rep_good nopl xtopology nonstop_tsc aperfmperf pni pclmulqdq dtes64 monitor ds_cpl vmx smx est tm2 ssse3 cx16 xtpr pdcm pcid sse4_1 sse4_2 x2apic popcnt tsc_deadline_timer aes xsave avx f16c rdrand lahf_lm ida arat epb xsaveopt pln pts dtherm tpr_shadow vnmi flexpriority ept vpid fsgsbase smep erms
bogomips	: 5188.42
clflush size	: 64
cache_alignment	: 64
address sizes	: 36 bits physical, 48 bits virtual
power management:

processor	: 1
vendor_id	: GenuineIntel
cpu family	: 6
model		: 58
model name	: Intel(R) Core(TM) i5-3320M CPU @ 2.60GHz
stepping	: 9
microcode	: 0x15
cpu MHz		: 2601.000
cache size	: 3072 KB
physical id	: 0
siblings	: 4
core id		: 0
cpu cores	: 2
apicid		: 1
initial apicid	: 1
fpu		: yes
fpu_exception	: yes
cpuid level	: 13
wp		: yes
flags		: fpu vme de pse tsc msr pae mce cx8 apic sep mtrr pge mca cmov pat pse36 clflush dts acpi mmx fxsr sse sse2 ss ht tm pbe syscall nx rdtscp lm constant_tsc arch_perfmon pebs bts rep_good nopl xtopology nonstop_tsc aperfmperf pni pclmulqdq dtes64 monitor ds_cpl vmx smx est tm2 ssse3 cx16 xtpr pdcm pcid sse4_1 sse4_2 x2apic popcnt tsc_deadline_timer aes xsave avx f16c rdrand lahf_lm ida arat epb xsaveopt pln pts dtherm tpr_shadow vnmi flexpriority ept vpid fsgsbase smep erms
bogomips	: 5187.96
clflush size	: 64
cache_alignment	: 64
address sizes	: 36 bits physical, 48 bits virtual
power management:

processor	: 2
vendor_id	: GenuineIntel
cpu family	: 6
model		: 58
model name	: Intel(R) Core(TM) i5-3320M CPU @ 2.60GHz
stepping	: 9
microcode	: 0x15
cpu MHz		: 2601.000
cache size	: 3072 KB
physical id	: 0
siblings	: 4
core id		: 1
cpu cores	: 2
apicid		: 2
initial apicid	: 2
fpu		: yes
fpu_exception	: yes
cpuid level	: 13
wp		: yes
flags		: fpu vme de pse tsc msr pae mce cx8 apic sep mtrr pge mca cmov pat pse36 clflush dts acpi mmx fxsr sse sse2 ss ht tm pbe syscall nx rdtscp lm constant_tsc arch_perfmon pebs bts rep_good nopl xtopology nonstop_tsc aperfmperf pni pclmulqdq dtes64 monitor ds_cpl vmx smx est tm2 ssse3 cx16 xtpr pdcm pcid sse4_1 sse4_2 x2apic popcnt tsc_deadline_timer aes xsave avx f16c rdrand lahf_lm ida arat epb xsaveopt pln pts dtherm tpr_shadow vnmi flexpriority ept vpid fsgsbase smep erms
bogomips	: 5187.98
clflush size	: 64
cache_alignment	: 64
address sizes	: 36 bits physical, 48 bits virtual
power management:

processor	: 3
vendor_id	: GenuineIntel
cpu family	: 6
model		: 58
model name	: Intel(R) Core(TM) i5-3320M CPU @ 2.60GHz
stepping	: 9
microcode	: 0x15
cpu MHz		: 1200.000
cache size	: 3072 KB
physical id	: 0
siblings	: 4
core id		: 1
cpu cores	: 2
apicid		: 3
initial apicid	: 3
fpu		: yes
fpu_exception	: yes
cpuid level	: 13
wp		: yes
flags		: fpu vme de pse tsc msr pae mce cx8 apic sep mtrr pge mca cmov pat pse36 clflush dts acpi mmx fxsr sse sse2 ss ht tm pbe syscall nx rdtscp lm constant_tsc arch_perfmon pebs bts rep_good nopl xtopology nonstop_tsc aperfmperf pni pclmulqdq dtes64 monitor ds_cpl vmx smx est tm2 ssse3 cx16 xtpr pdcm pcid sse4_1 sse4_2 x2apic popcnt tsc_deadline_timer aes xsave avx f16c rdrand lahf_lm ida arat epb xsaveopt pln pts dtherm tpr_shadow vnmi flexpriority ept vpid fsgsbase smep erms
bogomips	: 5187.97
clflush size	: 64
cache_alignment	: 64
address sizes	: 36 bits physical, 48 bits virtual
power management:



Memory: 4k page, physical 3926284k(123084k free), swap 3905532k(3905396k free)

vm_info: Java HotSpot(TM) 64-Bit Server VM (24.0-b56) for linux-amd64 JRE (1.7.0_40-b43), built on Aug 26 2013 23:53:33 by "java_re" with gcc 4.3.0 20080428 (Red Hat 4.3.0-8)

time: Sun Dec 29 18:52:47 2013
elapsed time: 50 seconds

